[2025-12-24T16:39:01.797+0000] {processor.py:186} INFO - Started process (PID=193) to work on /opt/airflow/dags/ml_retrain_pipeline.py
[2025-12-24T16:39:01.798+0000] {processor.py:914} INFO - Processing file /opt/airflow/dags/ml_retrain_pipeline.py for tasks to queue
[2025-12-24T16:39:01.801+0000] {logging_mixin.py:190} INFO - [2025-12-24T16:39:01.800+0000] {dagbag.py:588} INFO - Filling up the DagBag from /opt/airflow/dags/ml_retrain_pipeline.py
[2025-12-24T16:39:01.853+0000] {processor.py:925} INFO - DAG(s) 'ml_retrain_pipeline' retrieved from /opt/airflow/dags/ml_retrain_pipeline.py
[2025-12-24T16:39:02.245+0000] {logging_mixin.py:190} INFO - [2025-12-24T16:39:02.244+0000] {override.py:1911} INFO - Created Permission View: can read on DAG:ml_retrain_pipeline
[2025-12-24T16:39:02.259+0000] {logging_mixin.py:190} INFO - [2025-12-24T16:39:02.259+0000] {override.py:1911} INFO - Created Permission View: can delete on DAG:ml_retrain_pipeline
[2025-12-24T16:39:02.270+0000] {logging_mixin.py:190} INFO - [2025-12-24T16:39:02.269+0000] {override.py:1911} INFO - Created Permission View: can edit on DAG:ml_retrain_pipeline
[2025-12-24T16:39:02.277+0000] {logging_mixin.py:190} INFO - [2025-12-24T16:39:02.277+0000] {override.py:1911} INFO - Created Permission View: can read on DAG Run:ml_retrain_pipeline
[2025-12-24T16:39:02.286+0000] {logging_mixin.py:190} INFO - [2025-12-24T16:39:02.286+0000] {override.py:1911} INFO - Created Permission View: can create on DAG Run:ml_retrain_pipeline
[2025-12-24T16:39:02.292+0000] {logging_mixin.py:190} INFO - [2025-12-24T16:39:02.291+0000] {override.py:1911} INFO - Created Permission View: can delete on DAG Run:ml_retrain_pipeline
[2025-12-24T16:39:02.301+0000] {logging_mixin.py:190} INFO - [2025-12-24T16:39:02.301+0000] {override.py:1911} INFO - Created Permission View: menu access on DAG Run:ml_retrain_pipeline
[2025-12-24T16:39:02.302+0000] {logging_mixin.py:190} INFO - [2025-12-24T16:39:02.302+0000] {dag.py:3239} INFO - Sync 1 DAGs
[2025-12-24T16:39:02.318+0000] {logging_mixin.py:190} INFO - [2025-12-24T16:39:02.317+0000] {dag.py:3262} INFO - Creating ORM DAG for ml_retrain_pipeline
[2025-12-24T16:39:02.331+0000] {logging_mixin.py:190} INFO - [2025-12-24T16:39:02.330+0000] {dag.py:4180} INFO - Setting next_dagrun for ml_retrain_pipeline to 2025-12-23 00:00:00+00:00, run_after=2025-12-24 00:00:00+00:00
[2025-12-24T16:39:02.356+0000] {processor.py:208} INFO - Processing /opt/airflow/dags/ml_retrain_pipeline.py took 0.567 seconds
[2025-12-24T16:39:32.547+0000] {processor.py:186} INFO - Started process (PID=216) to work on /opt/airflow/dags/ml_retrain_pipeline.py
[2025-12-24T16:39:32.548+0000] {processor.py:914} INFO - Processing file /opt/airflow/dags/ml_retrain_pipeline.py for tasks to queue
[2025-12-24T16:39:32.551+0000] {logging_mixin.py:190} INFO - [2025-12-24T16:39:32.551+0000] {dagbag.py:588} INFO - Filling up the DagBag from /opt/airflow/dags/ml_retrain_pipeline.py
[2025-12-24T16:39:32.567+0000] {processor.py:925} INFO - DAG(s) 'ml_retrain_pipeline' retrieved from /opt/airflow/dags/ml_retrain_pipeline.py
[2025-12-24T16:39:32.598+0000] {logging_mixin.py:190} INFO - [2025-12-24T16:39:32.598+0000] {dag.py:3239} INFO - Sync 1 DAGs
[2025-12-24T16:39:32.628+0000] {logging_mixin.py:190} INFO - [2025-12-24T16:39:32.628+0000] {dag.py:4180} INFO - Setting next_dagrun for ml_retrain_pipeline to 2025-12-24 00:00:00+00:00, run_after=2025-12-25 00:00:00+00:00
[2025-12-24T16:39:32.649+0000] {processor.py:208} INFO - Processing /opt/airflow/dags/ml_retrain_pipeline.py took 0.109 seconds
[2025-12-24T16:40:02.706+0000] {processor.py:186} INFO - Started process (PID=241) to work on /opt/airflow/dags/ml_retrain_pipeline.py
[2025-12-24T16:40:02.707+0000] {processor.py:914} INFO - Processing file /opt/airflow/dags/ml_retrain_pipeline.py for tasks to queue
[2025-12-24T16:40:02.711+0000] {logging_mixin.py:190} INFO - [2025-12-24T16:40:02.710+0000] {dagbag.py:588} INFO - Filling up the DagBag from /opt/airflow/dags/ml_retrain_pipeline.py
[2025-12-24T16:40:02.733+0000] {processor.py:925} INFO - DAG(s) 'ml_retrain_pipeline' retrieved from /opt/airflow/dags/ml_retrain_pipeline.py
[2025-12-24T16:40:02.766+0000] {logging_mixin.py:190} INFO - [2025-12-24T16:40:02.765+0000] {dag.py:3239} INFO - Sync 1 DAGs
[2025-12-24T16:40:02.798+0000] {logging_mixin.py:190} INFO - [2025-12-24T16:40:02.797+0000] {dag.py:4180} INFO - Setting next_dagrun for ml_retrain_pipeline to 2025-12-24 00:00:00+00:00, run_after=2025-12-25 00:00:00+00:00
[2025-12-24T16:40:02.822+0000] {processor.py:208} INFO - Processing /opt/airflow/dags/ml_retrain_pipeline.py took 0.123 seconds
[2025-12-24T16:40:32.988+0000] {processor.py:186} INFO - Started process (PID=252) to work on /opt/airflow/dags/ml_retrain_pipeline.py
[2025-12-24T16:40:32.988+0000] {processor.py:914} INFO - Processing file /opt/airflow/dags/ml_retrain_pipeline.py for tasks to queue
[2025-12-24T16:40:32.990+0000] {logging_mixin.py:190} INFO - [2025-12-24T16:40:32.990+0000] {dagbag.py:588} INFO - Filling up the DagBag from /opt/airflow/dags/ml_retrain_pipeline.py
[2025-12-24T16:40:33.007+0000] {processor.py:925} INFO - DAG(s) 'ml_retrain_pipeline' retrieved from /opt/airflow/dags/ml_retrain_pipeline.py
[2025-12-24T16:40:33.039+0000] {logging_mixin.py:190} INFO - [2025-12-24T16:40:33.039+0000] {dag.py:3239} INFO - Sync 1 DAGs
[2025-12-24T16:40:33.072+0000] {logging_mixin.py:190} INFO - [2025-12-24T16:40:33.071+0000] {dag.py:4180} INFO - Setting next_dagrun for ml_retrain_pipeline to 2025-12-24 00:00:00+00:00, run_after=2025-12-25 00:00:00+00:00
[2025-12-24T16:40:33.092+0000] {processor.py:208} INFO - Processing /opt/airflow/dags/ml_retrain_pipeline.py took 0.111 seconds
[2025-12-24T16:41:03.148+0000] {processor.py:186} INFO - Started process (PID=283) to work on /opt/airflow/dags/ml_retrain_pipeline.py
[2025-12-24T16:41:03.158+0000] {processor.py:914} INFO - Processing file /opt/airflow/dags/ml_retrain_pipeline.py for tasks to queue
[2025-12-24T16:41:03.161+0000] {logging_mixin.py:190} INFO - [2025-12-24T16:41:03.160+0000] {dagbag.py:588} INFO - Filling up the DagBag from /opt/airflow/dags/ml_retrain_pipeline.py
[2025-12-24T16:41:03.180+0000] {processor.py:925} INFO - DAG(s) 'ml_retrain_pipeline' retrieved from /opt/airflow/dags/ml_retrain_pipeline.py
[2025-12-24T16:41:03.217+0000] {logging_mixin.py:190} INFO - [2025-12-24T16:41:03.217+0000] {dag.py:3239} INFO - Sync 1 DAGs
[2025-12-24T16:41:03.247+0000] {logging_mixin.py:190} INFO - [2025-12-24T16:41:03.247+0000] {dag.py:4180} INFO - Setting next_dagrun for ml_retrain_pipeline to 2025-12-24 00:00:00+00:00, run_after=2025-12-25 00:00:00+00:00
[2025-12-24T16:41:03.277+0000] {processor.py:208} INFO - Processing /opt/airflow/dags/ml_retrain_pipeline.py took 0.135 seconds
[2025-12-24T16:41:33.407+0000] {processor.py:186} INFO - Started process (PID=294) to work on /opt/airflow/dags/ml_retrain_pipeline.py
[2025-12-24T16:41:33.416+0000] {processor.py:914} INFO - Processing file /opt/airflow/dags/ml_retrain_pipeline.py for tasks to queue
[2025-12-24T16:41:33.418+0000] {logging_mixin.py:190} INFO - [2025-12-24T16:41:33.418+0000] {dagbag.py:588} INFO - Filling up the DagBag from /opt/airflow/dags/ml_retrain_pipeline.py
[2025-12-24T16:41:33.435+0000] {processor.py:925} INFO - DAG(s) 'ml_retrain_pipeline' retrieved from /opt/airflow/dags/ml_retrain_pipeline.py
[2025-12-24T16:41:33.462+0000] {logging_mixin.py:190} INFO - [2025-12-24T16:41:33.462+0000] {dag.py:3239} INFO - Sync 1 DAGs
[2025-12-24T16:41:33.489+0000] {logging_mixin.py:190} INFO - [2025-12-24T16:41:33.488+0000] {dag.py:4180} INFO - Setting next_dagrun for ml_retrain_pipeline to 2025-12-24 00:00:00+00:00, run_after=2025-12-25 00:00:00+00:00
[2025-12-24T16:41:33.509+0000] {processor.py:208} INFO - Processing /opt/airflow/dags/ml_retrain_pipeline.py took 0.108 seconds
[2025-12-24T16:42:03.579+0000] {processor.py:186} INFO - Started process (PID=305) to work on /opt/airflow/dags/ml_retrain_pipeline.py
[2025-12-24T16:42:03.589+0000] {processor.py:914} INFO - Processing file /opt/airflow/dags/ml_retrain_pipeline.py for tasks to queue
[2025-12-24T16:42:03.591+0000] {logging_mixin.py:190} INFO - [2025-12-24T16:42:03.591+0000] {dagbag.py:588} INFO - Filling up the DagBag from /opt/airflow/dags/ml_retrain_pipeline.py
[2025-12-24T16:42:03.609+0000] {processor.py:925} INFO - DAG(s) 'ml_retrain_pipeline' retrieved from /opt/airflow/dags/ml_retrain_pipeline.py
[2025-12-24T16:42:03.643+0000] {logging_mixin.py:190} INFO - [2025-12-24T16:42:03.643+0000] {dag.py:3239} INFO - Sync 1 DAGs
[2025-12-24T16:42:03.682+0000] {logging_mixin.py:190} INFO - [2025-12-24T16:42:03.682+0000] {dag.py:4180} INFO - Setting next_dagrun for ml_retrain_pipeline to 2025-12-24 00:00:00+00:00, run_after=2025-12-25 00:00:00+00:00
[2025-12-24T16:42:03.705+0000] {processor.py:208} INFO - Processing /opt/airflow/dags/ml_retrain_pipeline.py took 0.133 seconds
[2025-12-24T16:42:33.818+0000] {processor.py:186} INFO - Started process (PID=328) to work on /opt/airflow/dags/ml_retrain_pipeline.py
[2025-12-24T16:42:33.828+0000] {processor.py:914} INFO - Processing file /opt/airflow/dags/ml_retrain_pipeline.py for tasks to queue
[2025-12-24T16:42:33.830+0000] {logging_mixin.py:190} INFO - [2025-12-24T16:42:33.830+0000] {dagbag.py:588} INFO - Filling up the DagBag from /opt/airflow/dags/ml_retrain_pipeline.py
[2025-12-24T16:42:33.846+0000] {processor.py:925} INFO - DAG(s) 'ml_retrain_pipeline' retrieved from /opt/airflow/dags/ml_retrain_pipeline.py
[2025-12-24T16:42:33.883+0000] {logging_mixin.py:190} INFO - [2025-12-24T16:42:33.882+0000] {dag.py:3239} INFO - Sync 1 DAGs
[2025-12-24T16:42:33.910+0000] {logging_mixin.py:190} INFO - [2025-12-24T16:42:33.909+0000] {dag.py:4180} INFO - Setting next_dagrun for ml_retrain_pipeline to 2025-12-24 00:00:00+00:00, run_after=2025-12-25 00:00:00+00:00
[2025-12-24T16:42:33.930+0000] {processor.py:208} INFO - Processing /opt/airflow/dags/ml_retrain_pipeline.py took 0.117 seconds
[2025-12-24T16:43:04.014+0000] {processor.py:186} INFO - Started process (PID=339) to work on /opt/airflow/dags/ml_retrain_pipeline.py
[2025-12-24T16:43:04.024+0000] {processor.py:914} INFO - Processing file /opt/airflow/dags/ml_retrain_pipeline.py for tasks to queue
[2025-12-24T16:43:04.027+0000] {logging_mixin.py:190} INFO - [2025-12-24T16:43:04.026+0000] {dagbag.py:588} INFO - Filling up the DagBag from /opt/airflow/dags/ml_retrain_pipeline.py
[2025-12-24T16:43:04.053+0000] {processor.py:925} INFO - DAG(s) 'ml_retrain_pipeline' retrieved from /opt/airflow/dags/ml_retrain_pipeline.py
[2025-12-24T16:43:04.102+0000] {logging_mixin.py:190} INFO - [2025-12-24T16:43:04.102+0000] {dag.py:3239} INFO - Sync 1 DAGs
[2025-12-24T16:43:04.138+0000] {logging_mixin.py:190} INFO - [2025-12-24T16:43:04.138+0000] {dag.py:4180} INFO - Setting next_dagrun for ml_retrain_pipeline to 2025-12-24 00:00:00+00:00, run_after=2025-12-25 00:00:00+00:00
[2025-12-24T16:43:04.166+0000] {processor.py:208} INFO - Processing /opt/airflow/dags/ml_retrain_pipeline.py took 0.161 seconds
[2025-12-24T16:43:23.183+0000] {processor.py:186} INFO - Started process (PID=357) to work on /opt/airflow/dags/ml_retrain_pipeline.py
[2025-12-24T16:43:23.192+0000] {processor.py:914} INFO - Processing file /opt/airflow/dags/ml_retrain_pipeline.py for tasks to queue
[2025-12-24T16:43:23.195+0000] {logging_mixin.py:190} INFO - [2025-12-24T16:43:23.195+0000] {dagbag.py:588} INFO - Filling up the DagBag from /opt/airflow/dags/ml_retrain_pipeline.py
[2025-12-24T16:43:23.209+0000] {processor.py:925} INFO - DAG(s) 'ml_retrain_pipeline' retrieved from /opt/airflow/dags/ml_retrain_pipeline.py
[2025-12-24T16:43:23.236+0000] {logging_mixin.py:190} INFO - [2025-12-24T16:43:23.235+0000] {dag.py:3239} INFO - Sync 1 DAGs
[2025-12-24T16:43:23.259+0000] {logging_mixin.py:190} INFO - [2025-12-24T16:43:23.259+0000] {dag.py:4180} INFO - Setting next_dagrun for ml_retrain_pipeline to 2025-12-24 00:00:00+00:00, run_after=2025-12-25 00:00:00+00:00
[2025-12-24T16:43:23.280+0000] {processor.py:208} INFO - Processing /opt/airflow/dags/ml_retrain_pipeline.py took 0.103 seconds
[2025-12-24T16:43:53.412+0000] {processor.py:186} INFO - Started process (PID=368) to work on /opt/airflow/dags/ml_retrain_pipeline.py
[2025-12-24T16:43:53.421+0000] {processor.py:914} INFO - Processing file /opt/airflow/dags/ml_retrain_pipeline.py for tasks to queue
[2025-12-24T16:43:53.424+0000] {logging_mixin.py:190} INFO - [2025-12-24T16:43:53.424+0000] {dagbag.py:588} INFO - Filling up the DagBag from /opt/airflow/dags/ml_retrain_pipeline.py
[2025-12-24T16:43:53.439+0000] {processor.py:925} INFO - DAG(s) 'ml_retrain_pipeline' retrieved from /opt/airflow/dags/ml_retrain_pipeline.py
[2025-12-24T16:43:53.466+0000] {logging_mixin.py:190} INFO - [2025-12-24T16:43:53.465+0000] {dag.py:3239} INFO - Sync 1 DAGs
[2025-12-24T16:43:53.495+0000] {logging_mixin.py:190} INFO - [2025-12-24T16:43:53.495+0000] {dag.py:4180} INFO - Setting next_dagrun for ml_retrain_pipeline to 2025-12-24 00:00:00+00:00, run_after=2025-12-25 00:00:00+00:00
[2025-12-24T16:43:53.513+0000] {processor.py:208} INFO - Processing /opt/airflow/dags/ml_retrain_pipeline.py took 0.107 seconds
[2025-12-24T16:44:23.568+0000] {processor.py:186} INFO - Started process (PID=379) to work on /opt/airflow/dags/ml_retrain_pipeline.py
[2025-12-24T16:44:23.578+0000] {processor.py:914} INFO - Processing file /opt/airflow/dags/ml_retrain_pipeline.py for tasks to queue
[2025-12-24T16:44:23.580+0000] {logging_mixin.py:190} INFO - [2025-12-24T16:44:23.579+0000] {dagbag.py:588} INFO - Filling up the DagBag from /opt/airflow/dags/ml_retrain_pipeline.py
[2025-12-24T16:44:23.593+0000] {processor.py:925} INFO - DAG(s) 'ml_retrain_pipeline' retrieved from /opt/airflow/dags/ml_retrain_pipeline.py
[2025-12-24T16:44:23.620+0000] {logging_mixin.py:190} INFO - [2025-12-24T16:44:23.620+0000] {dag.py:3239} INFO - Sync 1 DAGs
[2025-12-24T16:44:23.648+0000] {logging_mixin.py:190} INFO - [2025-12-24T16:44:23.648+0000] {dag.py:4180} INFO - Setting next_dagrun for ml_retrain_pipeline to 2025-12-24 00:00:00+00:00, run_after=2025-12-25 00:00:00+00:00
[2025-12-24T16:44:23.671+0000] {processor.py:208} INFO - Processing /opt/airflow/dags/ml_retrain_pipeline.py took 0.109 seconds
[2025-12-24T16:44:53.802+0000] {processor.py:186} INFO - Started process (PID=390) to work on /opt/airflow/dags/ml_retrain_pipeline.py
[2025-12-24T16:44:53.812+0000] {processor.py:914} INFO - Processing file /opt/airflow/dags/ml_retrain_pipeline.py for tasks to queue
[2025-12-24T16:44:53.814+0000] {logging_mixin.py:190} INFO - [2025-12-24T16:44:53.814+0000] {dagbag.py:588} INFO - Filling up the DagBag from /opt/airflow/dags/ml_retrain_pipeline.py
[2025-12-24T16:44:53.829+0000] {processor.py:925} INFO - DAG(s) 'ml_retrain_pipeline' retrieved from /opt/airflow/dags/ml_retrain_pipeline.py
[2025-12-24T16:44:53.855+0000] {logging_mixin.py:190} INFO - [2025-12-24T16:44:53.855+0000] {dag.py:3239} INFO - Sync 1 DAGs
[2025-12-24T16:44:53.880+0000] {logging_mixin.py:190} INFO - [2025-12-24T16:44:53.879+0000] {dag.py:4180} INFO - Setting next_dagrun for ml_retrain_pipeline to 2025-12-24 00:00:00+00:00, run_after=2025-12-25 00:00:00+00:00
[2025-12-24T16:44:53.897+0000] {processor.py:208} INFO - Processing /opt/airflow/dags/ml_retrain_pipeline.py took 0.101 seconds
[2025-12-24T16:45:23.949+0000] {processor.py:186} INFO - Started process (PID=401) to work on /opt/airflow/dags/ml_retrain_pipeline.py
[2025-12-24T16:45:23.958+0000] {processor.py:914} INFO - Processing file /opt/airflow/dags/ml_retrain_pipeline.py for tasks to queue
[2025-12-24T16:45:23.961+0000] {logging_mixin.py:190} INFO - [2025-12-24T16:45:23.961+0000] {dagbag.py:588} INFO - Filling up the DagBag from /opt/airflow/dags/ml_retrain_pipeline.py
[2025-12-24T16:45:23.975+0000] {processor.py:925} INFO - DAG(s) 'ml_retrain_pipeline' retrieved from /opt/airflow/dags/ml_retrain_pipeline.py
[2025-12-24T16:45:24.004+0000] {logging_mixin.py:190} INFO - [2025-12-24T16:45:24.003+0000] {dag.py:3239} INFO - Sync 1 DAGs
[2025-12-24T16:45:24.029+0000] {logging_mixin.py:190} INFO - [2025-12-24T16:45:24.028+0000] {dag.py:4180} INFO - Setting next_dagrun for ml_retrain_pipeline to 2025-12-24 00:00:00+00:00, run_after=2025-12-25 00:00:00+00:00
[2025-12-24T16:45:24.045+0000] {processor.py:208} INFO - Processing /opt/airflow/dags/ml_retrain_pipeline.py took 0.102 seconds
[2025-12-24T16:45:54.179+0000] {processor.py:186} INFO - Started process (PID=413) to work on /opt/airflow/dags/ml_retrain_pipeline.py
[2025-12-24T16:45:54.189+0000] {processor.py:914} INFO - Processing file /opt/airflow/dags/ml_retrain_pipeline.py for tasks to queue
[2025-12-24T16:45:54.192+0000] {logging_mixin.py:190} INFO - [2025-12-24T16:45:54.191+0000] {dagbag.py:588} INFO - Filling up the DagBag from /opt/airflow/dags/ml_retrain_pipeline.py
[2025-12-24T16:45:54.209+0000] {processor.py:925} INFO - DAG(s) 'ml_retrain_pipeline' retrieved from /opt/airflow/dags/ml_retrain_pipeline.py
[2025-12-24T16:45:54.238+0000] {logging_mixin.py:190} INFO - [2025-12-24T16:45:54.237+0000] {dag.py:3239} INFO - Sync 1 DAGs
[2025-12-24T16:45:54.264+0000] {logging_mixin.py:190} INFO - [2025-12-24T16:45:54.264+0000] {dag.py:4180} INFO - Setting next_dagrun for ml_retrain_pipeline to 2025-12-24 00:00:00+00:00, run_after=2025-12-25 00:00:00+00:00
[2025-12-24T16:45:54.283+0000] {processor.py:208} INFO - Processing /opt/airflow/dags/ml_retrain_pipeline.py took 0.110 seconds
[2025-12-24T16:46:24.328+0000] {processor.py:186} INFO - Started process (PID=424) to work on /opt/airflow/dags/ml_retrain_pipeline.py
[2025-12-24T16:46:24.329+0000] {processor.py:914} INFO - Processing file /opt/airflow/dags/ml_retrain_pipeline.py for tasks to queue
[2025-12-24T16:46:24.332+0000] {logging_mixin.py:190} INFO - [2025-12-24T16:46:24.331+0000] {dagbag.py:588} INFO - Filling up the DagBag from /opt/airflow/dags/ml_retrain_pipeline.py
[2025-12-24T16:46:24.347+0000] {processor.py:925} INFO - DAG(s) 'ml_retrain_pipeline' retrieved from /opt/airflow/dags/ml_retrain_pipeline.py
[2025-12-24T16:46:24.375+0000] {logging_mixin.py:190} INFO - [2025-12-24T16:46:24.374+0000] {dag.py:3239} INFO - Sync 1 DAGs
[2025-12-24T16:46:24.400+0000] {logging_mixin.py:190} INFO - [2025-12-24T16:46:24.400+0000] {dag.py:4180} INFO - Setting next_dagrun for ml_retrain_pipeline to 2025-12-24 00:00:00+00:00, run_after=2025-12-25 00:00:00+00:00
[2025-12-24T16:46:24.421+0000] {processor.py:208} INFO - Processing /opt/airflow/dags/ml_retrain_pipeline.py took 0.099 seconds
[2025-12-24T16:46:54.567+0000] {processor.py:186} INFO - Started process (PID=435) to work on /opt/airflow/dags/ml_retrain_pipeline.py
[2025-12-24T16:46:54.576+0000] {processor.py:914} INFO - Processing file /opt/airflow/dags/ml_retrain_pipeline.py for tasks to queue
[2025-12-24T16:46:54.578+0000] {logging_mixin.py:190} INFO - [2025-12-24T16:46:54.578+0000] {dagbag.py:588} INFO - Filling up the DagBag from /opt/airflow/dags/ml_retrain_pipeline.py
[2025-12-24T16:46:54.594+0000] {processor.py:925} INFO - DAG(s) 'ml_retrain_pipeline' retrieved from /opt/airflow/dags/ml_retrain_pipeline.py
[2025-12-24T16:46:54.621+0000] {logging_mixin.py:190} INFO - [2025-12-24T16:46:54.620+0000] {dag.py:3239} INFO - Sync 1 DAGs
[2025-12-24T16:46:54.644+0000] {logging_mixin.py:190} INFO - [2025-12-24T16:46:54.644+0000] {dag.py:4180} INFO - Setting next_dagrun for ml_retrain_pipeline to 2025-12-24 00:00:00+00:00, run_after=2025-12-25 00:00:00+00:00
[2025-12-24T16:46:54.661+0000] {processor.py:208} INFO - Processing /opt/airflow/dags/ml_retrain_pipeline.py took 0.101 seconds
[2025-12-24T16:47:24.706+0000] {processor.py:186} INFO - Started process (PID=446) to work on /opt/airflow/dags/ml_retrain_pipeline.py
[2025-12-24T16:47:24.716+0000] {processor.py:914} INFO - Processing file /opt/airflow/dags/ml_retrain_pipeline.py for tasks to queue
[2025-12-24T16:47:24.719+0000] {logging_mixin.py:190} INFO - [2025-12-24T16:47:24.719+0000] {dagbag.py:588} INFO - Filling up the DagBag from /opt/airflow/dags/ml_retrain_pipeline.py
[2025-12-24T16:47:24.733+0000] {processor.py:925} INFO - DAG(s) 'ml_retrain_pipeline' retrieved from /opt/airflow/dags/ml_retrain_pipeline.py
[2025-12-24T16:47:24.762+0000] {logging_mixin.py:190} INFO - [2025-12-24T16:47:24.761+0000] {dag.py:3239} INFO - Sync 1 DAGs
[2025-12-24T16:47:24.786+0000] {logging_mixin.py:190} INFO - [2025-12-24T16:47:24.786+0000] {dag.py:4180} INFO - Setting next_dagrun for ml_retrain_pipeline to 2025-12-24 00:00:00+00:00, run_after=2025-12-25 00:00:00+00:00
[2025-12-24T16:47:24.805+0000] {processor.py:208} INFO - Processing /opt/airflow/dags/ml_retrain_pipeline.py took 0.105 seconds
[2025-12-24T16:47:54.941+0000] {processor.py:186} INFO - Started process (PID=457) to work on /opt/airflow/dags/ml_retrain_pipeline.py
[2025-12-24T16:47:54.950+0000] {processor.py:914} INFO - Processing file /opt/airflow/dags/ml_retrain_pipeline.py for tasks to queue
[2025-12-24T16:47:54.953+0000] {logging_mixin.py:190} INFO - [2025-12-24T16:47:54.952+0000] {dagbag.py:588} INFO - Filling up the DagBag from /opt/airflow/dags/ml_retrain_pipeline.py
[2025-12-24T16:47:54.968+0000] {processor.py:925} INFO - DAG(s) 'ml_retrain_pipeline' retrieved from /opt/airflow/dags/ml_retrain_pipeline.py
[2025-12-24T16:47:54.994+0000] {logging_mixin.py:190} INFO - [2025-12-24T16:47:54.994+0000] {dag.py:3239} INFO - Sync 1 DAGs
[2025-12-24T16:47:55.019+0000] {logging_mixin.py:190} INFO - [2025-12-24T16:47:55.019+0000] {dag.py:4180} INFO - Setting next_dagrun for ml_retrain_pipeline to 2025-12-24 00:00:00+00:00, run_after=2025-12-25 00:00:00+00:00
[2025-12-24T16:47:55.036+0000] {processor.py:208} INFO - Processing /opt/airflow/dags/ml_retrain_pipeline.py took 0.101 seconds
[2025-12-24T16:48:25.087+0000] {processor.py:186} INFO - Started process (PID=468) to work on /opt/airflow/dags/ml_retrain_pipeline.py
[2025-12-24T16:48:25.097+0000] {processor.py:914} INFO - Processing file /opt/airflow/dags/ml_retrain_pipeline.py for tasks to queue
[2025-12-24T16:48:25.100+0000] {logging_mixin.py:190} INFO - [2025-12-24T16:48:25.099+0000] {dagbag.py:588} INFO - Filling up the DagBag from /opt/airflow/dags/ml_retrain_pipeline.py
[2025-12-24T16:48:25.116+0000] {processor.py:925} INFO - DAG(s) 'ml_retrain_pipeline' retrieved from /opt/airflow/dags/ml_retrain_pipeline.py
[2025-12-24T16:48:25.143+0000] {logging_mixin.py:190} INFO - [2025-12-24T16:48:25.142+0000] {dag.py:3239} INFO - Sync 1 DAGs
[2025-12-24T16:48:25.167+0000] {logging_mixin.py:190} INFO - [2025-12-24T16:48:25.167+0000] {dag.py:4180} INFO - Setting next_dagrun for ml_retrain_pipeline to 2025-12-24 00:00:00+00:00, run_after=2025-12-25 00:00:00+00:00
[2025-12-24T16:48:25.187+0000] {processor.py:208} INFO - Processing /opt/airflow/dags/ml_retrain_pipeline.py took 0.106 seconds
[2025-12-24T16:48:55.319+0000] {processor.py:186} INFO - Started process (PID=479) to work on /opt/airflow/dags/ml_retrain_pipeline.py
[2025-12-24T16:48:55.320+0000] {processor.py:914} INFO - Processing file /opt/airflow/dags/ml_retrain_pipeline.py for tasks to queue
[2025-12-24T16:48:55.322+0000] {logging_mixin.py:190} INFO - [2025-12-24T16:48:55.322+0000] {dagbag.py:588} INFO - Filling up the DagBag from /opt/airflow/dags/ml_retrain_pipeline.py
[2025-12-24T16:48:55.337+0000] {processor.py:925} INFO - DAG(s) 'ml_retrain_pipeline' retrieved from /opt/airflow/dags/ml_retrain_pipeline.py
[2025-12-24T16:48:55.362+0000] {logging_mixin.py:190} INFO - [2025-12-24T16:48:55.362+0000] {dag.py:3239} INFO - Sync 1 DAGs
[2025-12-24T16:48:55.388+0000] {logging_mixin.py:190} INFO - [2025-12-24T16:48:55.388+0000] {dag.py:4180} INFO - Setting next_dagrun for ml_retrain_pipeline to 2025-12-24 00:00:00+00:00, run_after=2025-12-25 00:00:00+00:00
[2025-12-24T16:48:55.406+0000] {processor.py:208} INFO - Processing /opt/airflow/dags/ml_retrain_pipeline.py took 0.092 seconds
[2025-12-24T16:49:25.474+0000] {processor.py:186} INFO - Started process (PID=490) to work on /opt/airflow/dags/ml_retrain_pipeline.py
[2025-12-24T16:49:25.484+0000] {processor.py:914} INFO - Processing file /opt/airflow/dags/ml_retrain_pipeline.py for tasks to queue
[2025-12-24T16:49:25.486+0000] {logging_mixin.py:190} INFO - [2025-12-24T16:49:25.485+0000] {dagbag.py:588} INFO - Filling up the DagBag from /opt/airflow/dags/ml_retrain_pipeline.py
[2025-12-24T16:49:25.501+0000] {processor.py:925} INFO - DAG(s) 'ml_retrain_pipeline' retrieved from /opt/airflow/dags/ml_retrain_pipeline.py
[2025-12-24T16:49:25.532+0000] {logging_mixin.py:190} INFO - [2025-12-24T16:49:25.532+0000] {dag.py:3239} INFO - Sync 1 DAGs
[2025-12-24T16:49:25.562+0000] {logging_mixin.py:190} INFO - [2025-12-24T16:49:25.561+0000] {dag.py:4180} INFO - Setting next_dagrun for ml_retrain_pipeline to 2025-12-24 00:00:00+00:00, run_after=2025-12-25 00:00:00+00:00
[2025-12-24T16:49:25.584+0000] {processor.py:208} INFO - Processing /opt/airflow/dags/ml_retrain_pipeline.py took 0.116 seconds
[2025-12-24T16:49:55.690+0000] {processor.py:186} INFO - Started process (PID=501) to work on /opt/airflow/dags/ml_retrain_pipeline.py
[2025-12-24T16:49:55.700+0000] {processor.py:914} INFO - Processing file /opt/airflow/dags/ml_retrain_pipeline.py for tasks to queue
[2025-12-24T16:49:55.702+0000] {logging_mixin.py:190} INFO - [2025-12-24T16:49:55.702+0000] {dagbag.py:588} INFO - Filling up the DagBag from /opt/airflow/dags/ml_retrain_pipeline.py
[2025-12-24T16:49:55.717+0000] {processor.py:925} INFO - DAG(s) 'ml_retrain_pipeline' retrieved from /opt/airflow/dags/ml_retrain_pipeline.py
[2025-12-24T16:49:55.743+0000] {logging_mixin.py:190} INFO - [2025-12-24T16:49:55.743+0000] {dag.py:3239} INFO - Sync 1 DAGs
[2025-12-24T16:49:55.766+0000] {logging_mixin.py:190} INFO - [2025-12-24T16:49:55.766+0000] {dag.py:4180} INFO - Setting next_dagrun for ml_retrain_pipeline to 2025-12-24 00:00:00+00:00, run_after=2025-12-25 00:00:00+00:00
[2025-12-24T16:49:55.785+0000] {processor.py:208} INFO - Processing /opt/airflow/dags/ml_retrain_pipeline.py took 0.101 seconds
