[2025-12-25T14:10:11.565+0000] {local_task_job_runner.py:123} INFO - ::group::Pre task execution logs
[2025-12-25T14:10:11.585+0000] {taskinstance.py:2613} INFO - Dependencies all met for dep_context=non-requeueable deps ti=<TaskInstance: ml_retrain_pipeline.notify_success manual__2025-12-25T14:10:07.623467+00:00 [queued]>
[2025-12-25T14:10:11.595+0000] {taskinstance.py:2613} INFO - Dependencies all met for dep_context=requeueable deps ti=<TaskInstance: ml_retrain_pipeline.notify_success manual__2025-12-25T14:10:07.623467+00:00 [queued]>
[2025-12-25T14:10:11.595+0000] {taskinstance.py:2866} INFO - Starting attempt 1 of 1
[2025-12-25T14:10:11.609+0000] {taskinstance.py:2889} INFO - Executing <Task(EmailOperator): notify_success> on 2025-12-25 14:10:07.623467+00:00
[2025-12-25T14:10:11.618+0000] {standard_task_runner.py:104} INFO - Running: ['***', 'tasks', 'run', 'ml_retrain_pipeline', 'notify_success', 'manual__2025-12-25T14:10:07.623467+00:00', '--job-id', '21', '--raw', '--subdir', 'DAGS_FOLDER/ml_retrain_pipeline.py', '--cfg-path', '/tmp/tmpsh2tygxz']
[2025-12-25T14:10:11.620+0000] {standard_task_runner.py:105} INFO - Job 21: Subtask notify_success
[2025-12-25T14:10:11.621+0000] {logging_mixin.py:190} WARNING - /home/***/.local/lib/python3.12/site-packages/***/task/task_runner/standard_task_runner.py:70 DeprecationWarning: This process (pid=217) is multi-threaded, use of fork() may lead to deadlocks in the child.
[2025-12-25T14:10:11.622+0000] {standard_task_runner.py:72} INFO - Started process 218 to run task
[2025-12-25T14:10:11.670+0000] {task_command.py:467} INFO - Running <TaskInstance: ml_retrain_pipeline.notify_success manual__2025-12-25T14:10:07.623467+00:00 [running]> on host 6e86fc3b5450
[2025-12-25T14:10:11.749+0000] {taskinstance.py:3132} INFO - Exporting env vars: AIRFLOW_CTX_DAG_OWNER='***' AIRFLOW_CTX_DAG_ID='ml_retrain_pipeline' AIRFLOW_CTX_TASK_ID='notify_success' AIRFLOW_CTX_EXECUTION_DATE='2025-12-25T14:10:07.623467+00:00' AIRFLOW_CTX_TRY_NUMBER='1' AIRFLOW_CTX_DAG_RUN_ID='manual__2025-12-25T14:10:07.623467+00:00'
[2025-12-25T14:10:11.750+0000] {taskinstance.py:731} INFO - ::endgroup::
[2025-12-25T14:10:11.779+0000] {logging_mixin.py:190} WARNING - /home/***/.local/lib/python3.12/site-packages/***/utils/email.py:155 RemovedInAirflow3Warning: Fetching SMTP credentials from configuration variables will be deprecated in a future release. Please set credentials using a connection instead.
[2025-12-25T14:10:11.779+0000] {email.py:272} INFO - Email alerting: attempt 1
[2025-12-25T14:10:13.285+0000] {email.py:283} INFO - Sent an alert email to ['volgapavel@gmail.com']
[2025-12-25T14:10:14.530+0000] {taskinstance.py:340} INFO - ::group::Post task execution logs
[2025-12-25T14:10:14.531+0000] {taskinstance.py:352} INFO - Marking task as SUCCESS. dag_id=ml_retrain_pipeline, task_id=notify_success, run_id=manual__2025-12-25T14:10:07.623467+00:00, execution_date=20251225T141007, start_date=20251225T141011, end_date=20251225T141014
[2025-12-25T14:10:14.564+0000] {local_task_job_runner.py:266} INFO - Task exited with return code 0
[2025-12-25T14:10:14.583+0000] {taskinstance.py:3895} INFO - 0 downstream tasks scheduled from follow-on schedule check
[2025-12-25T14:10:14.588+0000] {local_task_job_runner.py:245} INFO - ::endgroup::
